WARNING:root:watch out
INFO:root:I told you so 
2022-08-17 11:02:26,681watch out
2022-08-17 11:02:26,681I told you so
08172022 11:04:27 AMwatch out
08172022 11:04:27 AMI told you so
08172022 11:05:34 AM watch out
08172022 11:05:34 AM I told you so
08172022 11:10:15 AM[WARNING] watch out(0817.py:4)
08172022 11:10:15 AM[INFO] I told you so(0817.py:5)
2022-08-17 11:42:31,502 - simple_example - DEBUG - debug message
2022-08-17 11:42:31,502 - simple_example - INFO - info message
2022-08-17 11:42:31,502 - simple_example - WARNING - warn message
2022-08-17 11:42:31,502 - simple_example - ERROR - error message
2022-08-17 11:42:31,502 - simple_example - CRITICAL - critical message
2022-08-17 11:48:45,406 - simple_example - DEBUG - debug message
2022-08-17 11:48:45,406 - simple_example - INFO - info message
2022-08-17 11:48:45,406 - simple_example - WARNING - warn message
2022-08-17 11:48:45,406 - simple_example - ERROR - error message
2022-08-17 11:48:45,406 - simple_example - CRITICAL - critical message
